2017-11-16 16:04:11.505  INFO 11540 --- [restartedMain] com.taoding.BasicApplication             : Starting BasicApplication on DESKTOP-6RH6T5C with PID 11540 (D:\eclipse-workspace\muniubox\cpa\target\classes started by Administrator in D:\eclipse-workspace\muniubox\cpa)
2017-11-16 16:04:11.506  INFO 11540 --- [restartedMain] com.taoding.BasicApplication             : No active profile set, falling back to default profiles: default
2017-11-16 16:04:11.577  INFO 11540 --- [restartedMain] ationConfigEmbeddedWebApplicationContext : Refreshing org.springframework.boot.context.embedded.AnnotationConfigEmbeddedWebApplicationContext@71d541da: startup date [Thu Nov 16 16:04:11 CST 2017]; root of context hierarchy
2017-11-16 16:04:14.465  INFO 11540 --- [restartedMain] s.b.c.e.t.TomcatEmbeddedServletContainer : Tomcat initialized with port(s): 8080 (http)
2017-11-16 16:04:14.488  INFO 11540 --- [restartedMain] o.apache.catalina.core.StandardService   : Starting service [Tomcat]
2017-11-16 16:04:14.489  INFO 11540 --- [restartedMain] org.apache.catalina.core.StandardEngine  : Starting Servlet Engine: Apache Tomcat/8.5.15
2017-11-16 16:04:14.630  INFO 11540 --- [localhost-startStop-1] o.a.c.c.C.[Tomcat].[localhost].[/]       : Initializing Spring embedded WebApplicationContext
2017-11-16 16:04:14.630  INFO 11540 --- [localhost-startStop-1] o.s.web.context.ContextLoader            : Root WebApplicationContext: initialization completed in 3057 ms
2017-11-16 16:04:14.917  INFO 11540 --- [localhost-startStop-1] o.s.b.w.servlet.ServletRegistrationBean  : Mapping servlet: 'dispatcherServlet' to [/]
2017-11-16 16:04:14.923  INFO 11540 --- [localhost-startStop-1] o.s.b.w.servlet.FilterRegistrationBean   : Mapping filter: 'characterEncodingFilter' to: [/*]
2017-11-16 16:04:14.924  INFO 11540 --- [localhost-startStop-1] o.s.b.w.servlet.FilterRegistrationBean   : Mapping filter: 'hiddenHttpMethodFilter' to: [/*]
2017-11-16 16:04:14.925  INFO 11540 --- [localhost-startStop-1] o.s.b.w.servlet.FilterRegistrationBean   : Mapping filter: 'httpPutFormContentFilter' to: [/*]
2017-11-16 16:04:14.925  INFO 11540 --- [localhost-startStop-1] o.s.b.w.servlet.FilterRegistrationBean   : Mapping filter: 'requestContextFilter' to: [/*]
2017-11-16 16:04:14.926  INFO 11540 --- [localhost-startStop-1] o.s.b.w.servlet.FilterRegistrationBean   : Mapping filter: 'corsFilter' to: [/*]
2017-11-16 16:04:16.815  INFO 11540 --- [restartedMain] s.w.s.m.m.a.RequestMappingHandlerAdapter : Looking for @ControllerAdvice: org.springframework.boot.context.embedded.AnnotationConfigEmbeddedWebApplicationContext@71d541da: startup date [Thu Nov 16 16:04:11 CST 2017]; root of context hierarchy
2017-11-16 16:04:16.909  INFO 11540 --- [restartedMain] s.w.s.m.m.a.RequestMappingHandlerMapping : Mapped "{[/hotel/{hotelId}],methods=[GET]}" onto public java.lang.Object com.taoding.controller.demo.DemoController.getHotelInfo(java.lang.Integer)
2017-11-16 16:04:16.911  INFO 11540 --- [restartedMain] s.w.s.m.m.a.RequestMappingHandlerMapping : Mapped "{[/hotel],methods=[POST]}" onto public java.lang.Object com.taoding.controller.demo.DemoController.saveHotel(com.taoding.domain.demo.Hotel)
2017-11-16 16:04:16.912  INFO 11540 --- [restartedMain] s.w.s.m.m.a.RequestMappingHandlerMapping : Mapped "{[/ceshi],methods=[GET]}" onto public java.lang.Object com.taoding.controller.demo.DemoController.ceshi(java.lang.String)
2017-11-16 16:04:16.914  INFO 11540 --- [restartedMain] s.w.s.m.m.a.RequestMappingHandlerMapping : Mapped "{[/dict/delete/{id}],methods=[DELETE]}" onto public java.lang.Object com.taoding.controller.dict.DictController.delete(java.lang.String)
2017-11-16 16:04:16.921  INFO 11540 --- [restartedMain] s.w.s.m.m.a.RequestMappingHandlerMapping : Mapped "{[/dict/list],methods=[GET]}" onto public java.lang.Object com.taoding.controller.dict.DictController.list(javax.servlet.http.HttpServletRequest)
2017-11-16 16:04:16.921  INFO 11540 --- [restartedMain] s.w.s.m.m.a.RequestMappingHandlerMapping : Mapped "{[/dict/save],methods=[POST]}" onto public java.lang.Object com.taoding.controller.dict.DictController.save(com.taoding.domain.dict.Dict)
2017-11-16 16:04:16.926  INFO 11540 --- [restartedMain] s.w.s.m.m.a.RequestMappingHandlerMapping : Mapped "{[/employee/delete/{id}],methods=[PUT]}" onto public java.lang.Object com.taoding.controller.employee.AtEmployeeController.delete(java.lang.String)
2017-11-16 16:04:16.926  INFO 11540 --- [restartedMain] s.w.s.m.m.a.RequestMappingHandlerMapping : Mapped "{[/employee/save],methods=[POST]}" onto public java.lang.Object com.taoding.controller.employee.AtEmployeeController.save(com.taoding.domain.user.User)
2017-11-16 16:04:16.927  INFO 11540 --- [restartedMain] s.w.s.m.m.a.RequestMappingHandlerMapping : Mapped "{[/employee/listData],methods=[POST]}" onto public java.lang.Object com.taoding.controller.employee.AtEmployeeController.listData(javax.servlet.http.HttpServletRequest)
2017-11-16 16:04:16.927  INFO 11540 --- [restartedMain] s.w.s.m.m.a.RequestMappingHandlerMapping : Mapped "{[/employee/formAdjusting/{userId}/{newOfficeId}/{oldOfficeId}],methods=[PUT]}" onto public java.lang.Object com.taoding.controller.employee.AtEmployeeController.formAdjusting(java.lang.String,java.lang.String,java.lang.String)
2017-11-16 16:04:16.928  INFO 11540 --- [restartedMain] s.w.s.m.m.a.RequestMappingHandlerMapping : Mapped "{[/employee/editForm/{id}],methods=[GET]}" onto public java.lang.Object com.taoding.controller.employee.AtEmployeeController.edit(java.lang.String)
2017-11-16 16:04:16.928  INFO 11540 --- [restartedMain] s.w.s.m.m.a.RequestMappingHandlerMapping : Mapped "{[/employee/import],methods=[POST]}" onto public java.lang.Object com.taoding.controller.employee.AtEmployeeController.importData(org.springframework.web.multipart.MultipartFile,javax.servlet.http.HttpServletResponse) throws java.lang.Exception
2017-11-16 16:04:16.929  INFO 11540 --- [restartedMain] s.w.s.m.m.a.RequestMappingHandlerMapping : Mapped "{[/employee/exportData],methods=[GET]}" onto public void com.taoding.controller.employee.AtEmployeeController.exportData(javax.servlet.http.HttpServletRequest,javax.servlet.http.HttpServletResponse)
2017-11-16 16:04:16.929  INFO 11540 --- [restartedMain] s.w.s.m.m.a.RequestMappingHandlerMapping : Mapped "{[/employee/getUserlistByRole],methods=[GET]}" onto public java.lang.Object com.taoding.controller.employee.AtEmployeeController.getUserlistByRole(java.lang.String)
2017-11-16 16:04:16.930  INFO 11540 --- [restartedMain] s.w.s.m.m.a.RequestMappingHandlerMapping : Mapped "{[/login],methods=[POST]}" onto public java.lang.Object com.taoding.controller.login.LoginController.login(com.taoding.domain.user.LoginEntity,javax.servlet.http.HttpServletResponse) throws java.lang.Exception
2017-11-16 16:04:16.931  INFO 11540 --- [restartedMain] s.w.s.m.m.a.RequestMappingHandlerMapping : Mapped "{[/menu/basicResourceTree],methods=[GET]}" onto public java.lang.Object com.taoding.controller.menu.MenuController.basicResourceTree(java.lang.String)
2017-11-16 16:04:16.935  INFO 11540 --- [restartedMain] s.w.s.m.m.a.RequestMappingHandlerMapping : Mapped "{[/officeAt/delete/{id}],methods=[PUT]}" onto public java.lang.Object com.taoding.controller.office.OfficeAtController.delete(java.lang.String)
2017-11-16 16:04:16.935  INFO 11540 --- [restartedMain] s.w.s.m.m.a.RequestMappingHandlerMapping : Mapped "{[/officeAt/save],methods=[POST]}" onto public java.lang.Object com.taoding.controller.office.OfficeAtController.save(com.taoding.domain.office.Office)
2017-11-16 16:04:16.936  INFO 11540 --- [restartedMain] s.w.s.m.m.a.RequestMappingHandlerMapping : Mapped "{[/officeAt/employeeList],methods=[POST]}" onto public java.lang.Object com.taoding.controller.office.OfficeAtController.listData(javax.servlet.http.HttpServletRequest)
2017-11-16 16:04:16.936  INFO 11540 --- [restartedMain] s.w.s.m.m.a.RequestMappingHandlerMapping : Mapped "{[/officeAt/treeData],methods=[GET]}" onto public java.lang.Object com.taoding.controller.office.OfficeAtController.treeData()
2017-11-16 16:04:16.939  INFO 11540 --- [restartedMain] s.w.s.m.m.a.RequestMappingHandlerMapping : Mapped "{[/officeAt/deleteAt/{id}],methods=[PUT]}" onto public java.lang.Object com.taoding.controller.office.OfficeAtController.deleteAt(java.lang.String)
2017-11-16 16:04:16.940  INFO 11540 --- [restartedMain] s.w.s.m.m.a.RequestMappingHandlerMapping : Mapped "{[/officeAt/formAt/{id}],methods=[GET]}" onto public java.lang.Object com.taoding.controller.office.OfficeAtController.formAt(java.lang.String)
2017-11-16 16:04:16.946  INFO 11540 --- [restartedMain] s.w.s.m.m.a.RequestMappingHandlerMapping : Mapped "{[/role/delete/{id}],methods=[DELETE]}" onto public java.lang.Object com.taoding.controller.role.RoleController.delete(java.lang.String) throws com.taoding.common.exception.LogicException
2017-11-16 16:04:16.947  INFO 11540 --- [restartedMain] s.w.s.m.m.a.RequestMappingHandlerMapping : Mapped "{[/role/getRoleGroup/{id}],methods=[GET]}" onto public java.lang.Object com.taoding.controller.role.RoleController.getRoleGroup(java.lang.String)
2017-11-16 16:04:16.947  INFO 11540 --- [restartedMain] s.w.s.m.m.a.RequestMappingHandlerMapping : Mapped "{[/role/getGroupNo],methods=[GET]}" onto public java.lang.Object com.taoding.controller.role.RoleController.getGroupNo()
2017-11-16 16:04:16.950  INFO 11540 --- [restartedMain] s.w.s.m.m.a.RequestMappingHandlerMapping : Mapped "{[/role/sysGroupTree],methods=[GET]}" onto public java.lang.Object com.taoding.controller.role.RoleController.getSysGroupTree(java.lang.String)
2017-11-16 16:04:16.952  INFO 11540 --- [restartedMain] s.w.s.m.m.a.RequestMappingHandlerMapping : Mapped "{[/role/saveRoleGroup],methods=[POST]}" onto public java.lang.Object com.taoding.controller.role.RoleController.saveRoleGroup(com.taoding.domain.role.SysRoleGroup)
2017-11-16 16:04:16.952  INFO 11540 --- [restartedMain] s.w.s.m.m.a.RequestMappingHandlerMapping : Mapped "{[/role/saveRole],methods=[POST]}" onto public java.lang.Object com.taoding.controller.role.RoleController.saveRole(com.taoding.domain.role.Role)
2017-11-16 16:04:16.953  INFO 11540 --- [restartedMain] s.w.s.m.m.a.RequestMappingHandlerMapping : Mapped "{[/role/saveRoleMenu],methods=[POST]}" onto public java.lang.Object com.taoding.controller.role.RoleController.saveRoleMenu(java.lang.String,java.lang.String)
2017-11-16 16:04:16.953  INFO 11540 --- [restartedMain] s.w.s.m.m.a.RequestMappingHandlerMapping : Mapped "{[/role/deleteRole/{id}],methods=[DELETE]}" onto public java.lang.Object com.taoding.controller.role.RoleController.deleteRole(java.lang.String)
2017-11-16 16:04:16.954  INFO 11540 --- [restartedMain] s.w.s.m.m.a.RequestMappingHandlerMapping : Mapped "{[/role/findRoleNo],methods=[GET]}" onto public java.lang.Object com.taoding.controller.role.RoleController.findRoleNo()
2017-11-16 16:04:16.954  INFO 11540 --- [restartedMain] s.w.s.m.m.a.RequestMappingHandlerMapping : Mapped "{[/role/insertBatch],methods=[POST]}" onto public java.lang.Object com.taoding.controller.role.RoleController.insertBatch(java.lang.String,java.lang.String)
2017-11-16 16:04:16.954  INFO 11540 --- [restartedMain] s.w.s.m.m.a.RequestMappingHandlerMapping : Mapped "{[/role/deleteBatchRemove],methods=[DELETE]}" onto public java.lang.Object com.taoding.controller.role.RoleController.deleteBatchRemove(java.lang.String,java.lang.String)
2017-11-16 16:04:16.958  INFO 11540 --- [restartedMain] s.w.s.m.m.a.RequestMappingHandlerMapping : Mapped "{[/user/getInfo/{id}],methods=[GET]}" onto public java.lang.Object com.taoding.controller.user.UserController.getUserInfo(java.lang.String)
2017-11-16 16:04:16.959  INFO 11540 --- [restartedMain] s.w.s.m.m.a.RequestMappingHandlerMapping : Mapped "{[/user/listData],methods=[POST]}" onto public java.lang.Object com.taoding.controller.user.UserController.listData(javax.servlet.http.HttpServletRequest)
2017-11-16 16:04:16.959  INFO 11540 --- [restartedMain] s.w.s.m.m.a.RequestMappingHandlerMapping : Mapped "{[/user/exportData],methods=[POST]}" onto public void com.taoding.controller.user.UserController.exportData(javax.servlet.http.HttpServletRequest,javax.servlet.http.HttpServletResponse)
2017-11-16 16:04:16.960  INFO 11540 --- [restartedMain] s.w.s.m.m.a.RequestMappingHandlerMapping : Mapped "{[/user/updateLoginFlag],methods=[PUT]}" onto public java.lang.Object com.taoding.controller.user.UserController.updateLoginFlag(com.taoding.domain.user.User)
2017-11-16 16:04:16.962  INFO 11540 --- [restartedMain] s.w.s.m.m.a.RequestMappingHandlerMapping : Mapped "{[/error]}" onto public org.springframework.http.ResponseEntity<java.util.Map<java.lang.String, java.lang.Object>> org.springframework.boot.autoconfigure.web.BasicErrorController.error(javax.servlet.http.HttpServletRequest)
2017-11-16 16:04:16.962  INFO 11540 --- [restartedMain] s.w.s.m.m.a.RequestMappingHandlerMapping : Mapped "{[/error],produces=[text/html]}" onto public org.springframework.web.servlet.ModelAndView org.springframework.boot.autoconfigure.web.BasicErrorController.errorHtml(javax.servlet.http.HttpServletRequest,javax.servlet.http.HttpServletResponse)
2017-11-16 16:04:17.046  INFO 11540 --- [restartedMain] o.s.w.s.handler.SimpleUrlHandlerMapping  : Mapped URL path [/webjars/**] onto handler of type [class org.springframework.web.servlet.resource.ResourceHttpRequestHandler]
2017-11-16 16:04:17.048  INFO 11540 --- [restartedMain] o.s.w.s.handler.SimpleUrlHandlerMapping  : Mapped URL path [/**] onto handler of type [class org.springframework.web.servlet.resource.ResourceHttpRequestHandler]
2017-11-16 16:04:17.117  INFO 11540 --- [restartedMain] o.s.w.s.handler.SimpleUrlHandlerMapping  : Mapped URL path [/**/favicon.ico] onto handler of type [class org.springframework.web.servlet.resource.ResourceHttpRequestHandler]
2017-11-16 16:04:17.471  INFO 11540 --- [restartedMain] o.s.b.d.a.OptionalLiveReloadServer       : LiveReload server is running on port 35729
2017-11-16 16:04:17.532  INFO 11540 --- [restartedMain] o.s.j.e.a.AnnotationMBeanExporter        : Registering beans for JMX exposure on startup
2017-11-16 16:04:17.533  INFO 11540 --- [restartedMain] o.s.j.e.a.AnnotationMBeanExporter        : Bean with name 'dataSource' has been autodetected for JMX exposure
2017-11-16 16:04:17.537  INFO 11540 --- [restartedMain] o.s.j.e.a.AnnotationMBeanExporter        : Located MBean 'dataSource': registering with JMX server as MBean [com.alibaba.druid.pool:name=dataSource,type=DruidDataSource]
2017-11-16 16:04:17.630  INFO 11540 --- [restartedMain] s.b.c.e.t.TomcatEmbeddedServletContainer : Tomcat started on port(s): 8080 (http)
2017-11-16 16:04:17.646  INFO 11540 --- [restartedMain] com.taoding.BasicApplication             : Started BasicApplication in 6.611 seconds (JVM running for 7.218)
